make all --print-data-base --no-builtin-variables --no-builtin-rules --question
# GNU Make 3.81
# Copyright (C) 2006  Free Software Foundation, Inc.
# This is free software; see the source for copying conditions.
# There is NO warranty; not even for MERCHANTABILITY or FITNESS FOR A
# PARTICULAR PURPOSE.

# This program built for i386-apple-darwin11.3.0

# Make data base, printed on Thu Jun  9 20:07:33 2022

# Variables

# automatic
<D = $(patsubst %/,%,$(dir $<))
# automatic
?F = $(notdir $?)
# environment
TF_VAR_AWS_DEFAULT_REGION = eu-central-1
# environment
VSCODE_LOG_NATIVE = false
# automatic
?D = $(patsubst %/,%,$(dir $?))
# automatic
@D = $(patsubst %/,%,$(dir $@))
# automatic
@F = $(notdir $@)
# makefile
CURDIR := /Users/nilscarstensen/go/src/github.com/holgerverse/holgersync
# makefile
SHELL = /bin/sh
# environment
VSCODE_NLS_CONFIG = {"locale":"de","availableLanguages":{"*":"de"},"_languagePackId":"76abe230f76758c10463f0219f362aef.de","_translationsConfigFile":"/Users/nilscarstensen/Library/Application Support/Code/clp/76abe230f76758c10463f0219f362aef.de/tcf.json","_cacheRoot":"/Users/nilscarstensen/Library/Application Support/Code/clp/76abe230f76758c10463f0219f362aef.de","_resolvedLanguagePackCoreLocation":"/Users/nilscarstensen/Library/Application Support/Code/clp/76abe230f76758c10463f0219f362aef.de/c3511e6c69bb39013c4a4b7b9566ec1ca73fc4d5","_corruptedFile":"/Users/nilscarstensen/Library/Application Support/Code/clp/76abe230f76758c10463f0219f362aef.de/corrupted.info","_languagePackSupport":true}
# environment
_ = /usr/bin/make
# makefile (from `Makefile', line 1)
MAKEFILE_LIST :=  Makefile
# environment
TF_VAR_ARM_CLIENT_SECRET = PbX.Ix7-HJbzvgk9YsRzEFoaCieeLfoS.0
# environment
VSCODE_AMD_ENTRYPOINT = vs/workbench/api/node/extensionHostProcess
# environment
TF_VAR_ARM_SUBSCRIPTION_ID = bd60d74c-3829-4eb2-ab67-3568663af0ed
# environment
VSCODE_VERBOSE_LOGGING = true
# environment
__CFBundleIdentifier = com.microsoft.VSCode
# environment
INFOPATH = /opt/homebrew/share/info:
# environment
VSCODE_IPC_HOOK_EXTHOST = /var/folders/8p/qrhb8rk13bgd07rssq9wgthw0000gn/T/vscode-ipc-6eec339d-7434-4517-8ac9-26ce8dc90f25.sock
# environment
VSCODE_CWD = /
# environment
GOPROXY = https://proxy.golang.org,direct
# environment
TF_VAR_ARM_TENANT_ID = db63d342-bedd-42b4-be38-c7e4ef20c3a8
# environment
PATH = /Users/nilscarstensen/miniforge3/condabin:/opt/homebrew/bin:/opt/homebrew/sbin:/usr/local/bin:/usr/bin:/bin:/usr/sbin:/sbin:/Users/nilscarstensen/bin:/opt/X11/bin:/Users/nilscarstensen/go/bin/hcldec
# environment
LSCOLORS = Gxfxcxdxbxegedabagacad
# environment
GOPATH = /Users/nilscarstensen/go
# environment
VSCODE_LOG_STACK = false
# environment
ELECTRON_RUN_AS_NODE = 1
# default
.FEATURES := target-specific order-only second-expansion else-if archives jobserver check-symlink
# environment
SSH_AUTH_SOCK = /private/tmp/com.apple.launchd.eT78b6uK9i/Listeners
# automatic
%F = $(notdir $%)
# environment
DISPLAY = /private/tmp/com.apple.launchd.ffPJh52dLZ/org.xquartz:0
# environment
CONDA_EXE = /Users/nilscarstensen/miniforge3/bin/conda
# environment
VSCODE_PIPE_LOGGING = true
# environment
PWD = /Users/nilscarstensen/go/src/github.com/holgerverse/holgersync
# environment
HOMEBREW_CELLAR = /opt/homebrew/Cellar
# environment
ORIGINAL_XDG_CURRENT_DESKTOP = undefined
# environment
MANPATH = /opt/homebrew/share/man::
# environment
GOMODCACHE = /Users/nilscarstensen/go/pkg/mod
# environment
HOME = /Users/nilscarstensen
# default
MAKEFILEPATH = $(shell /usr/bin/xcode-select -print-path 2>/dev/null || echo /Developer)/Makefiles
# environment
VSCODE_CODE_CACHE_PATH = /Users/nilscarstensen/Library/Application Support/Code/CachedData/c3511e6c69bb39013c4a4b7b9566ec1ca73fc4d5
# environment
LOGNAME = nilscarstensen
# environment
APPLICATION_INSIGHTS_NO_DIAGNOSTIC_CHANNEL = 1
# environment
ZSH = /Users/nilscarstensen/.oh-my-zsh
# environment
VSCODE_HANDLES_UNCAUGHT_ERRORS = true
# automatic
^D = $(patsubst %/,%,$(dir $^))
# environment
XPC_FLAGS = 0x0
# default
MAKE = $(MAKE_COMMAND)
# default
MAKECMDGOALS := all
# environment
SHLVL = 1
# default
MAKE_VERSION := 3.81
# environment
USER = nilscarstensen
# makefile
.DEFAULT_GOAL := help
# environment
LESS = -R
# automatic
%D = $(patsubst %/,%,$(dir $%))
# environment
TF_VAR_AWS_ACCESS_KEY_ID = AKIAVL4P6UM765V3EKPG
# environment
AZURE_CLIENT_ID = 43a5a1e7-c0b1-4de4-8221-3bd80b6c1b93
# environment
CONDA_SHLVL = 0
# default
MAKE_COMMAND := /Library/Developer/CommandLineTools/usr/bin/make
# default
.VARIABLES := 
# environment
TMPDIR = /var/folders/8p/qrhb8rk13bgd07rssq9wgthw0000gn/T/
# automatic
*F = $(notdir $*)
# environment
VSCODE_IPC_HOOK = /Users/nilscarstensen/Library/Application Support/Code/1.67.2-main.sock
# makefile
MAKEFLAGS = Rrqp
# environment
MFLAGS = -Rrqp
# automatic
*D = $(patsubst %/,%,$(dir $*))
# environment
XPC_SERVICE_NAME = application.com.microsoft.VSCode.12347943.12347949
# environment
HOMEBREW_PREFIX = /opt/homebrew
# automatic
+D = $(patsubst %/,%,$(dir $+))
# automatic
+F = $(notdir $+)
# environment
HOMEBREW_REPOSITORY = /opt/homebrew
# environment
__CF_USER_TEXT_ENCODING = 0x1F5:0x0:0x0
# environment
COMMAND_MODE = unix2003
# default
MAKEFILES := 
# environment
TF_VAR_AWS_SECRET_ACCESS_KEY = 828SaDuw2+8hiVyYjNlDHI1m84rc83KJ6uovMgeJ
# environment
AZURE_CLIENT_SECRET = UyZ3hiP-.6NrnCh62BXl8sFym61C5Pi4k8
# automatic
<F = $(notdir $<)
# environment
AZURE_SUBSCRIPTION_ID = 2f0b9af8-01e9-4888-919a-13e1d0d27361
# environment
PAGER = less
# environment
LC_ALL = C
# environment
CONDA_PYTHON_EXE = /Users/nilscarstensen/miniforge3/bin/python
# automatic
^F = $(notdir $^)
# environment
AZURE_TENANT_ID = 79e51ab4-5b39-4386-83d5-d92536667c8b
# default
SUFFIXES := 
# environment
_CE_M = 
# default
.INCLUDE_DIRS = /usr/local/include
# environment
MAKELEVEL := 0
# environment
LANG = C
# environment
VSCODE_PID = 3939
# environment
_CE_CONDA = 
# environment
TF_VAR_ARM_CLIENT_ID = 51417ccf-35c6-4312-8e11-41e84bb605bc
# variable set hash-table stats:
# Load=91/1024=9%, Rehash=0, Collisions=2/115=2%

# Pattern-specific Variable Values

# No pattern-specific variable values.

# Directories

# . (device 16777231, inode 2754149): 17 files, no impossibilities.

# 17 files, no impossibilities in 1 directories.

# Implicit Rules

# No implicit rules.

# Files

# Not a target:
all:
#  Command-line target.
#  Implicit rule search has been done.
#  File does not exist.
#  File has not been updated.
# variable set hash-table stats:
# Load=0/32=0%, Rehash=0, Collisions=0/0=0%

.PHONY: help run-holgerdocs build-holgersync
#  Implicit rule search has not been done.
#  Modification time never checked.
#  File has not been updated.

# Not a target:
.SUFFIXES:
#  Implicit rule search has not been done.
#  Modification time never checked.
#  File has not been updated.

# Not a target:
Makefile:
#  Implicit rule search has been done.
#  Last modified 2022-05-29 13:06:31
#  File has been updated.
#  Successfully updated.
# variable set hash-table stats:
# Load=0/32=0%, Rehash=0, Collisions=0/0=0%

run-holgerdocs:
#  Phony target (prerequisite of .PHONY).
#  Implicit rule search has not been done.
#  File does not exist.
#  File has not been updated.
#  commands to execute (from `Makefile', line 13):
	go run cmd/*.go holgerdocs terraform --module-path tests
	

help:
#  Phony target (prerequisite of .PHONY).
#  Implicit rule search has not been done.
#  File does not exist.
#  File has not been updated.
#  commands to execute (from `Makefile', line 5):
	@echo 'Makefile for "holgersync" development.'
	@echo ''
	@echo 'Usage:'
	@echo '  build-holgersync       - Build the hoglersync application.'
	@echo '  run-holgerdocs         - Run the holgerdocs subcommand on the test path.'
	

.DEFAULT: help
#  Implicit rule search has not been done.
#  Modification time never checked.
#  File has not been updated.

build-holgersync:
#  Phony target (prerequisite of .PHONY).
#  Implicit rule search has not been done.
#  File does not exist.
#  File has not been updated.
#  commands to execute (from `Makefile', line 17):
	go build -o holgersync ./...
	

# files hash-table stats:
# Load=8/1024=1%, Rehash=0, Collisions=0/27=0%
# VPATH Search Paths

# No `vpath' search paths.

# No general (`VPATH' variable) search path.

 
make: *** No rule to make target `all'.  Stop.

# # of strings in strcache: 1
# # of strcache buffers: 1
# strcache size: total = 4096 / max = 4096 / min = 4096 / avg = 4096
# strcache free: total = 4087 / max = 4087 / min = 4087 / avg = 4087

# Finished Make data base on Thu Jun  9 20:07:33 2022

 
